//custom map queue
//use varible: set mapqueue "dmcustom.lst"
cxdm5
grunt
bugdm9
manhunt
burn
ikdm8
rqmdm2
q2dm1
asylum
q2dm3
cxdm4
ikdm4
kmachine
trdm02a
ohmdm3
paradm1
broken2
hammer
bugdm5
ohmdm4
ztn2dm3
ikdm6
trdm03a
stellar
kick
demise
dlite
ztn2dm4
arma5
ztn2dm5
rene45
q2dm6
otherware
broken3
paradm2
ikdm7
xldm5
q2dm4
ztn2dm2
rvndm1
q2dm8
cxdm6
007_facility
burger
paradm3
tltf
backup
nexus4
q2dm5
4u2map15
q2dm2
rene40
frdm3
tastydm2
ikdm1
ikdm5
frdm2
q2dm7
colour
paradm4
4u2map13
hode
nexus2
ikdm2
an2_3
fixed1
trdm01a
worn
marics28
ikdm3
cxdm2
evil2